<?xml version="1.0" encoding="UTF-8"?>
<testng-results ignored="0" total="2" passed="2" failed="0" skipped="0">
  <reporter-output>
  </reporter-output>
  <suite started-at="2023-10-14T00:06:03 IST" name="Surefire suite" finished-at="2023-10-14T00:06:40 IST" duration-ms="37204">
    <groups>
      <group name="cucumber">
        <method signature="AbstractTestNGCucumberTests.runScenario(io.cucumber.testng.PickleWrapper,io.cucumber.testng.FeatureWrapper)[pri:0, instance:AutomationCucumberTest.TestRunner@e056f20]" name="runScenario" class="io.cucumber.testng.AbstractTestNGCucumberTests"/>
      </group> <!-- cucumber -->
    </groups>
    <test started-at="2023-10-14T00:06:03 IST" name="Surefire test" finished-at="2023-10-14T00:06:40 IST" duration-ms="37204">
      <class name="AutomationCucumberTest.TestRunner">
        <test-method is-config="true" signature="setUpClass(org.testng.ITestContext)[pri:0, instance:AutomationCucumberTest.TestRunner@e056f20]" started-at="2023-10-14T00:06:03 IST" name="setUpClass" finished-at="2023-10-14T00:06:03 IST" duration-ms="284" status="PASS">
          <params>
            <param index="0">
              <value>
                <![CDATA[org.testng.TestRunner@5ff2b8ca]]>
              </value>
            </param>
          </params>
          <reporter-output>
          </reporter-output>
        </test-method> <!-- setUpClass -->
        <test-method is-config="true" signature="launchBrowser()[pri:0, instance:AutomationCucumberTest.TestRunner@e056f20]" started-at="2023-10-14T00:06:03 IST" name="launchBrowser" finished-at="2023-10-14T00:06:05 IST" duration-ms="1430" status="PASS">
          <reporter-output>
          </reporter-output>
        </test-method> <!-- launchBrowser -->
        <test-method signature="runScenario(io.cucumber.testng.PickleWrapper,io.cucumber.testng.FeatureWrapper)[pri:0, instance:AutomationCucumberTest.TestRunner@e056f20]" started-at="2023-10-14T00:06:05 IST" name="runScenario" description="Runs Cucumber Scenarios" data-provider="scenarios" finished-at="2023-10-14T00:06:32 IST" duration-ms="27231" status="PASS">
          <params>
            <param index="0">
              <value>
                <![CDATA["Access a product after applying multiple filters"]]>
              </value>
            </param>
            <param index="1">
              <value>
                <![CDATA["Accessing a Product via Category and Search"]]>
              </value>
            </param>
          </params>
          <reporter-output>
          </reporter-output>
        </test-method> <!-- runScenario -->
        <test-method is-config="true" signature="closeBrowser()[pri:0, instance:AutomationCucumberTest.TestRunner@e056f20]" started-at="2023-10-14T00:06:32 IST" name="closeBrowser" finished-at="2023-10-14T00:06:32 IST" duration-ms="261" status="PASS">
          <reporter-output>
          </reporter-output>
        </test-method> <!-- closeBrowser -->
        <test-method is-config="true" signature="launchBrowser()[pri:0, instance:AutomationCucumberTest.TestRunner@e056f20]" started-at="2023-10-14T00:06:32 IST" name="launchBrowser" finished-at="2023-10-14T00:06:33 IST" duration-ms="1056" status="PASS">
          <reporter-output>
          </reporter-output>
        </test-method> <!-- launchBrowser -->
        <test-method signature="runScenario(io.cucumber.testng.PickleWrapper,io.cucumber.testng.FeatureWrapper)[pri:0, instance:AutomationCucumberTest.TestRunner@e056f20]" started-at="2023-10-14T00:06:33 IST" name="runScenario" description="Runs Cucumber Scenarios" data-provider="scenarios" finished-at="2023-10-14T00:06:40 IST" duration-ms="6690" status="PASS">
          <params>
            <param index="0">
              <value>
                <![CDATA["Access a Product via Search"]]>
              </value>
            </param>
            <param index="1">
              <value>
                <![CDATA["Accessing a Product via Category and Search"]]>
              </value>
            </param>
          </params>
          <reporter-output>
          </reporter-output>
        </test-method> <!-- runScenario -->
        <test-method is-config="true" signature="closeBrowser()[pri:0, instance:AutomationCucumberTest.TestRunner@e056f20]" started-at="2023-10-14T00:06:40 IST" name="closeBrowser" finished-at="2023-10-14T00:06:40 IST" duration-ms="189" status="PASS">
          <reporter-output>
          </reporter-output>
        </test-method> <!-- closeBrowser -->
        <test-method is-config="true" signature="tearDownClass()[pri:0, instance:AutomationCucumberTest.TestRunner@e056f20]" started-at="2023-10-14T00:06:40 IST" name="tearDownClass" finished-at="2023-10-14T00:06:40 IST" duration-ms="15" status="PASS">
          <reporter-output>
          </reporter-output>
        </test-method> <!-- tearDownClass -->
      </class> <!-- AutomationCucumberTest.TestRunner -->
    </test> <!-- Surefire test -->
  </suite> <!-- Surefire suite -->
</testng-results>
