<?xml version="1.0" encoding="UTF-8"?>
<testsuite xmlns:xsi="http://www.w3.org/2001/XMLSchema-instance" xsi:noNamespaceSchemaLocation="https://maven.apache.org/surefire/maven-surefire-plugin/xsd/surefire-test-report-3.0.xsd" version="3.0" name="AutomationCucumberTest.TestRunner" time="37.508" tests="2" errors="0" skipped="0" failures="0">
  <properties>
[...]
</properties>
  <testcase name="runScenario[&quot;Access a product after applying multiple filters&quot;, &quot;Accessing a Product via Category and Search&quot;](1)" classname="AutomationCucumberTest.TestRunner" time="27.242">
    <system-out><![CDATA[
@test
Scenario Outline: Access a product after applying multiple filters                                         &amp#27;[90m# Features/EbayProductAccess.feature:23&amp#27;[0m
lauch Ebay Site>>>>>>
  &amp#27;[32mGiven &amp#27;[0m&amp#27;[32mUser lauches Ebay application&amp#27;[0m                                                                      &amp#27;[90m# AutomationStepDefinitions.EbayProduct.userLauchesApplication()&amp#27;[0m
Inside click ele[[ChromeDriver: chrome on WINDOWS (6077f127b696de78562228ed072e221c)] -> xpath: //button[contains(text(), 'Shop by category')]]
outside click
  &amp#27;[32mWhen &amp#27;[0m&amp#27;[32mUser Clicks on "&amp#27;[0m&amp#27;[32m&amp#27;[1mShop by category&amp#27;[0m&amp#27;[32m" dropdown&amp#27;[0m                                                          &amp#27;[90m# AutomationStepDefinitions.EbayProduct.clicksOnButton(java.lang.String)&amp#27;[0m
Inside click ele[[ChromeDriver: chrome on WINDOWS (6077f127b696de78562228ed072e221c)] -> xpath: //table[@id='gh-sbc']/tbody/tr/td/h3/a[contains(text(),'Electronics')]//parent::h3/following-sibling::ul/li/a[contains(text(),'Cell phones & accessories')]]
outside click
  &amp#27;[32mAnd &amp#27;[0m&amp#27;[32mSelect "&amp#27;[0m&amp#27;[32m&amp#27;[1mCell phones & accessories&amp#27;[0m&amp#27;[32m" under "&amp#27;[0m&amp#27;[32m&amp#27;[1mElectronics&amp#27;[0m&amp#27;[32m" category&amp#27;[0m                                      &amp#27;[90m# AutomationStepDefinitions.EbayProduct.selectOptionsUnderCategory(java.lang.String,java.lang.String)&amp#27;[0m
Inside click ele[[ChromeDriver: chrome on WINDOWS (6077f127b696de78562228ed072e221c)] -> xpath: //a[contains(text(),'Cell Phones & Smartphones')]]
outside click
  &amp#27;[32mAnd &amp#27;[0m&amp#27;[32mUser clicks on "&amp#27;[0m&amp#27;[32m&amp#27;[1mCell Phones & Smartphones&amp#27;[0m&amp#27;[32m" in the left-hand navigation section&amp#27;[0m                       &amp#27;[90m# AutomationStepDefinitions.EbayProduct.navigateToLeftNavOption(java.lang.String)&amp#27;[0m
Inside click ele[[ChromeDriver: chrome on WINDOWS (6077f127b696de78562228ed072e221c)] -> xpath: //button[contains(text(), 'All Filters')]]
outside click
  &amp#27;[32mAnd &amp#27;[0m&amp#27;[32mUser clicks on "&amp#27;[0m&amp#27;[32m&amp#27;[1mAll Filters&amp#27;[0m&amp#27;[32m"&amp#27;[0m                                                                         &amp#27;[90m# AutomationStepDefinitions.EbayProduct.clicksOnButton(java.lang.String)&amp#27;[0m
Inside product search>>>
keyValueMap[{Filter Type=Condition, Filter Value=New}, {Filter Type=Price, Filter Value=$200-$400}, {Filter Type=Item Location, Filter Value=US Only}]
applying filter>>>>>>>>>>>>>
inside add condition
Inside click ele[[ChromeDriver: chrome on WINDOWS (6077f127b696de78562228ed072e221c)] -> xpath: //*[@id="c3-mainPanel-condition"]/span]
outside click
inside click
out of click
applying filter>>>>>>>>>>>>>
Inside click ele[[ChromeDriver: chrome on WINDOWS (6077f127b696de78562228ed072e221c)] -> xpath: //*[@id="c3-mainPanel-price"]]
outside click
applying filter>>>>>>>>>>>>>
inside adding location>>>>>>
Inside click ele[[ChromeDriver: chrome on WINDOWS (6077f127b696de78562228ed072e221c)] -> xpath: //*[@id="c3-mainPanel-location"]/span]
outside click
inside click
out of click
Inside click ele[[ChromeDriver: chrome on WINDOWS (6077f127b696de78562228ed072e221c)] -> xpath: //div[@class='x-overlay-footer__apply']/button]
outside click
  &amp#27;[32mAnd &amp#27;[0m&amp#27;[32mUser applies the Filter Type with Filter Value to access a product&amp#27;[0m                                   &amp#27;[90m# AutomationStepDefinitions.EbayProduct.addTagsToAccessProduct(io.cucumber.datatable.DataTable)&amp#27;[0m
    | Filter Type   | Filter Value |
    | Condition     | New          |
    | Price         | $200-$400    |
    | Item Location | US Only      |
Inside validation
inside click
out of click
expDetails>>>Condition:New;Price:$200.00-$400.00;Item Location:US Only
expMaps>>{Condition=New, Price=$200.00-$400.00, Item Location=US Only}
actUIMaps>>{Condition=New, Price=$200.00-$400.00, Item Location=US Only}
Validation done >>>>>>
  &amp#27;[32mThen &amp#27;[0m&amp#27;[32mVerify that user should see "&amp#27;[0m&amp#27;[32m&amp#27;[1mCondition:New;Price:$200.00-$400.00;Item Location:US Only&amp#27;[0m&amp#27;[32m" are applied&amp#27;[0m &amp#27;[90m# AutomationStepDefinitions.EbayProduct.checkIfFilterIsApplied(java.lang.String)&amp#27;[0m
]]></system-out>
    <system-err><![CDATA[SLF4J: Failed to load class "org.slf4j.impl.StaticLoggerBinder".
SLF4J: Defaulting to no-operation (NOP) logger implementation
SLF4J: See http://www.slf4j.org/codes.html#StaticLoggerBinder for further details.
Starting ChromeDriver 117.0.5938.149 (e3344ddefa12e60436fa28c81cf207c1afb4d0a9-refs/branch-heads/5938@{#1539}) on port 61105
Only local connections are allowed.
Please see https://chromedriver.chromium.org/security-considerations for suggestions on keeping ChromeDriver safe.
ChromeDriver was started successfully.
[1697222165.265][WARNING]: This version of ChromeDriver has not been tested with Chrome version 118.
Oct 14, 2023 12:06:05 AM org.openqa.selenium.remote.ProtocolHandshake createSession
INFO: Detected dialect: W3C
]]></system-err>
  </testcase>
  <testcase name="runScenario[&quot;Access a Product via Search&quot;, &quot;Accessing a Product via Category and Search&quot;](2)" classname="AutomationCucumberTest.TestRunner" time="6.687">
    <system-out><![CDATA[
@test
Scenario: Access a Product via Search                                                    &amp#27;[90m# Features/EbayProductAccess.feature:26&amp#27;[0m
lauch Ebay Site>>>>>>
  &amp#27;[32mGiven &amp#27;[0m&amp#27;[32mUser lauches Ebay application&amp#27;[0m                                                    &amp#27;[90m# AutomationStepDefinitions.EbayProduct.userLauchesApplication()&amp#27;[0m
inside enter data
Page loaded completely.
  &amp#27;[32mWhen &amp#27;[0m&amp#27;[32mUser enter "&amp#27;[0m&amp#27;[32m&amp#27;[1mMacBook&amp#27;[0m&amp#27;[32m" in the search bar&amp#27;[0m                                            &amp#27;[90m# AutomationStepDefinitions.EbayProduct.enterDatainSearchBar(java.lang.String)&amp#27;[0m
inside changing category
Inside click ele[[ChromeDriver: chrome on WINDOWS (5d4328354f4fd00ef588d2e068be19e7)] -> xpath: //select[@id='gh-cat']]
outside click
 Inside selectValueByvisibleText
Inside click ele[[ChromeDriver: chrome on WINDOWS (5d4328354f4fd00ef588d2e068be19e7)] -> xpath: //input[@type='submit']]
outside click
  &amp#27;[32mAnd &amp#27;[0m&amp#27;[32mUser change Search category to "&amp#27;[0m&amp#27;[32m&amp#27;[1mComputers/Tablets & Networking&amp#27;[0m&amp#27;[32m" and click "&amp#27;[0m&amp#27;[32m&amp#27;[1mSearch&amp#27;[0m&amp#27;[32m"&amp#27;[0m &amp#27;[90m# AutomationStepDefinitions.EbayProduct.selectCategoryfromDropDown(java.lang.String,java.lang.String)&amp#27;[0m
Page loaded completely.
  &amp#27;[32mThen &amp#27;[0m&amp#27;[32mverify that the page loads completely&amp#27;[0m                                             &amp#27;[90m# AutomationStepDefinitions.EbayProduct.waitForPageToLoad()&amp#27;[0m
Inside verification>>
Product details >>Apple MacBook Pro 13" A1278 2011 Intel i5 2.3GHZ 4GB 500GB macOS 10.13
Opens in a new window or tab
COMPLETE WITH CHARGER AND BATTERY -SAME / NEXT DAY SHIP
Pre-Owned · 2011 · 13 in · 500 GB
$98.00
Save up to 5% when you buy more
Buy It Now
jcs_computer_store (39,316) 96.2%
+$80.00 shipping
from United States
869 sold
  &amp#27;[32mThen &amp#27;[0m&amp#27;[32mverify that first result name matches with search string "&amp#27;[0m&amp#27;[32m&amp#27;[1mMacBook&amp#27;[0m&amp#27;[32m"&amp#27;[0m                &amp#27;[90m# AutomationStepDefinitions.EbayProduct.verifyFirstResultNameContainsSearchString(java.lang.String)&amp#27;[0m
]]></system-out>
    <system-err><![CDATA[Starting ChromeDriver 117.0.5938.149 (e3344ddefa12e60436fa28c81cf207c1afb4d0a9-refs/branch-heads/5938@{#1539}) on port 17976
Only local connections are allowed.
Please see https://chromedriver.chromium.org/security-considerations for suggestions on keeping ChromeDriver safe.
ChromeDriver was started successfully.
[1697222193.835][WARNING]: This version of ChromeDriver has not been tested with Chrome version 118.
Oct 14, 2023 12:06:33 AM org.openqa.selenium.remote.ProtocolHandshake createSession
INFO: Detected dialect: W3C
]]></system-err>
  </testcase>
</testsuite>